<<<<<<< HEAD
﻿生成启动时间为 2016/1/12 13:26:11。
     1>项目“C:\Users\dell\Desktop\calculator 苏日甫\srf-civilacsion\srf-civilacsion.vcxproj”在节点 2 上(build 个目标)。
=======
﻿生成启动时间为 2015/12/17 9:22:06。
     1>项目“C:\Users\jszx\Desktop\srf-civilacsion 3.0\srf-civilacsion\srf-civilacsion.vcxproj”在节点 2 上(build 个目标)。
>>>>>>> origin/master
     1>InitializeBuildStatus:
         正在创建“Debug\srf-civilacsion.unsuccessfulbuild”，因为已指定“AlwaysCreate”。
       ClCompile:
         所有输出均为最新。
<<<<<<< HEAD
         E:\vvs20101010\VC\bin\CL.exe /c /ZI /nologo /W3 /WX- /Od /Oy- /D WIN32 /D _WINDOWS /D _DEBUG /D _UNICODE /D UNICODE /D _AFXDLL /Gm /EHsc /RTC1 /MDd /GS /fp:precise /Zc:wchar_t /Zc:forScope /Yu"StdAfx.h" /Fp"Debug\srf-civilacsion.pch" /Fo"Debug\\" /Fd"Debug\vc100.pdb" /Gd /TP /analyze- /errorReport:prompt "srf-civilacsionDlg.cpp"
         srf-civilacsionDlg.cpp
     1>c:\users\dell\desktop\calculator 苏日甫\srf-civilacsion\srf-civilacsiondlg.cpp(489): warning C4244: “=”: 从“double”转换到“int”，可能丢失数据
     1>c:\users\dell\desktop\calculator 苏日甫\srf-civilacsion\srf-civilacsiondlg.cpp(490): warning C4244: “=”: 从“double”转换到“int”，可能丢失数据
     1>c:\users\dell\desktop\calculator 苏日甫\srf-civilacsion\srf-civilacsiondlg.cpp(499): warning C4553: “==”: 运算符不起任何作用；是否是有意使用“=”的?
     1>c:\users\dell\desktop\calculator 苏日甫\srf-civilacsion\srf-civilacsiondlg.cpp(506): warning C4244: “=”: 从“double”转换到“int”，可能丢失数据
     1>c:\users\dell\desktop\calculator 苏日甫\srf-civilacsion\srf-civilacsiondlg.cpp(507): warning C4244: “=”: 从“double”转换到“int”，可能丢失数据
     1>c:\users\dell\desktop\calculator 苏日甫\srf-civilacsion\srf-civilacsiondlg.cpp(516): warning C4553: “==”: 运算符不起任何作用；是否是有意使用“=”的?
     1>c:\users\dell\desktop\calculator 苏日甫\srf-civilacsion\srf-civilacsiondlg.cpp(530): warning C4244: “=”: 从“double”转换到“int”，可能丢失数据
     1>c:\users\dell\desktop\calculator 苏日甫\srf-civilacsion\srf-civilacsiondlg.cpp(531): warning C4244: “=”: 从“double”转换到“int”，可能丢失数据
     1>c:\users\dell\desktop\calculator 苏日甫\srf-civilacsion\srf-civilacsiondlg.cpp(540): warning C4552: “<=”: 运算符不起任何作用；应输入带副作用的运算符
     1>c:\users\dell\desktop\calculator 苏日甫\srf-civilacsion\srf-civilacsiondlg.cpp(547): warning C4244: “=”: 从“double”转换到“int”，可能丢失数据
     1>c:\users\dell\desktop\calculator 苏日甫\srf-civilacsion\srf-civilacsiondlg.cpp(548): warning C4244: “=”: 从“double”转换到“int”，可能丢失数据
     1>c:\users\dell\desktop\calculator 苏日甫\srf-civilacsion\srf-civilacsiondlg.cpp(556): warning C4553: “==”: 运算符不起任何作用；是否是有意使用“=”的?
     1>c:\users\dell\desktop\calculator 苏日甫\srf-civilacsion\srf-civilacsiondlg.cpp(568): warning C4244: “=”: 从“double”转换到“int”，可能丢失数据
     1>c:\users\dell\desktop\calculator 苏日甫\srf-civilacsion\srf-civilacsiondlg.cpp(569): warning C4244: “=”: 从“double”转换到“int”，可能丢失数据
     1>c:\users\dell\desktop\calculator 苏日甫\srf-civilacsion\srf-civilacsiondlg.cpp(577): warning C4552: “<=”: 运算符不起任何作用；应输入带副作用的运算符
     1>c:\users\dell\desktop\calculator 苏日甫\srf-civilacsion\srf-civilacsiondlg.cpp(584): warning C4244: “=”: 从“double”转换到“int”，可能丢失数据
     1>c:\users\dell\desktop\calculator 苏日甫\srf-civilacsion\srf-civilacsiondlg.cpp(585): warning C4244: “=”: 从“double”转换到“int”，可能丢失数据
     1>c:\users\dell\desktop\calculator 苏日甫\srf-civilacsion\srf-civilacsiondlg.cpp(593): warning C4553: “==”: 运算符不起任何作用；是否是有意使用“=”的?
     1>c:\users\dell\desktop\calculator 苏日甫\srf-civilacsion\srf-civilacsiondlg.cpp(607): warning C4244: “参数”: 从“double”转换到“int”，可能丢失数据
     1>c:\users\dell\desktop\calculator 苏日甫\srf-civilacsion\srf-civilacsiondlg.cpp(607): warning C4244: “参数”: 从“double”转换到“int”，可能丢失数据
     1>c:\users\dell\desktop\calculator 苏日甫\srf-civilacsion\srf-civilacsiondlg.cpp(607): warning C4244: “参数”: 从“double”转换到“int”，可能丢失数据
     1>c:\users\dell\desktop\calculator 苏日甫\srf-civilacsion\srf-civilacsiondlg.cpp(607): warning C4244: “参数”: 从“double”转换到“int”，可能丢失数据
=======
         所有输出均为最新。
>>>>>>> origin/master
       ResourceCompile:
         所有输出均为最新。
       ManifestResourceCompile:
         所有输出均为最新。
       Link:
<<<<<<< HEAD
         E:\vvs20101010\VC\bin\link.exe /ERRORREPORT:PROMPT /OUT:"C:\Users\dell\Desktop\calculator 苏日甫\Debug\srf-civilacsion.exe" /INCREMENTAL /NOLOGO /MANIFEST /ManifestFile:"Debug\srf-civilacsion.exe.intermediate.manifest" /MANIFESTUAC:"level='asInvoker' uiAccess='false'" /DEBUG /PDB:"C:\Users\dell\Desktop\calculator 苏日甫\Debug\srf-civilacsion.pdb" /SUBSYSTEM:WINDOWS /TLBID:1 /ENTRY:"wWinMainCRTStartup" /DYNAMICBASE /NXCOMPAT /IMPLIB:"C:\Users\dell\Desktop\calculator 苏日甫\Debug\srf-civilacsion.lib" /MACHINE:X86 "Debug\srf-civilacsion.res"
         "Debug\srf-civilacsion.exe.embed.manifest.res"
         "Debug\srf-civilacsion.obj"
         "Debug\srf-civilacsionDlg.obj"
         Debug\stdafx.obj
       Manifest:
         C:\Program Files (x86)\Microsoft SDKs\Windows\v7.0A\bin\mt.exe /nologo /verbose /out:"Debug\srf-civilacsion.exe.embed.manifest" /manifest "Debug\srf-civilacsion.exe.intermediate.manifest" E:\vvs20101010\VC\Include\Manifest\dpiaware.manifest
         所有输出均为最新。
       LinkEmbedManifest:
         所有输出均为最新。
         srf-civilacsion.vcxproj -> C:\Users\dell\Desktop\calculator 苏日甫\Debug\srf-civilacsion.exe
       FinalizeBuildStatus:
         正在删除文件“Debug\srf-civilacsion.unsuccessfulbuild”。
         正在对“Debug\srf-civilacsion.lastbuildstate”执行 Touch 任务。
     1>已完成生成项目“C:\Users\dell\Desktop\calculator 苏日甫\srf-civilacsion\srf-civilacsion.vcxproj”(build 个目标)的操作。

生成成功。

已用时间 00:00:00.75
=======
         所有输出均为最新。
       Manifest:
         C:\Program Files\Microsoft SDKs\Windows\v7.0A\bin\mt.exe /nologo /verbose /out:"Debug\srf-civilacsion.exe.embed.manifest" /manifest "Debug\srf-civilacsion.exe.intermediate.manifest" "C:\Program Files\Microsoft Visual Studio 10.0\VC\Include\Manifest\dpiaware.manifest"
         所有输出均为最新。
       FinalizeBuildStatus:
         正在删除文件“Debug\srf-civilacsion.unsuccessfulbuild”。
         正在对“Debug\srf-civilacsion.lastbuildstate”执行 Touch 任务。
     1>已完成生成项目“C:\Users\jszx\Desktop\srf-civilacsion 3.0\srf-civilacsion\srf-civilacsion.vcxproj”(build 个目标)的操作。

生成成功。

已用时间 00:00:02.47
>>>>>>> origin/master
